Flutter crash report.
Please report a bug at https://github.com/flutter/flutter/issues.

## command

flutter run

## exception

RPCError: ext.flutter.debugDumpRenderTree: (-32000) Server error
{"exception":"Null check operator used on a null value","stack":"#0      RenderIndexedStack.debugDescribeChildren (package:flutter/src/rendering/stack.dart:762:26)\n#1      DiagnosticableTreeNode.getChildren (package:flutter/src/foundation/diagnostics.dart:2985:48)\n#2      TextTreeRenderer._debugRender (package:flutter/src/foundation/diagnostics.dart:1201:43)\n#3      TextTreeRenderer.render (package:flutter/src/foundation/diagnostics.dart:1133:14)\n#4      TextTreeRenderer._debugRender (package:flutter/src/foundation/diagnostics.dart:1399:33)\n#5      TextTreeRenderer.render (package:flutter/src/foundation/diagnostics.dart:1133:14)\n#6      TextTreeRenderer._debugRender (package:flutter/src/foundation/diagnostics.dart:1378:33)\n#7      TextTreeRenderer.render (package:flutter/src/foundation/diagnostics.dart:1133:14)\n#8      TextTreeRenderer._debugRender (package:flutter/src/foundation/diagnostics.dart:1378:33)\n#9      TextTreeRenderer.render (package:flutter/src/foundation/diagnostics.dart:1133:14)\n#10     TextTreeRenderer._debugRender (package:flutter/src/foundation/diagnostics.dart:1399:33)\n#11     TextTreeRenderer.render (package:flutter/src/foundation/diagnostics.dart:1133:14)\n#12     TextTreeRenderer._debugRender (package:flutter/src/foundation/diagnostics.dart:1378:33)\n#13     TextTreeRenderer.render (package:flutter/src/foundation/diagnostics.dart:1133:14)\n#14     TextTreeRenderer._debugRender (package:flutter/src/foundation/diagnostics.dart:1378:33)\n#15     TextTreeRenderer.render (package:flutter/src/foundation/diagnostics.dart:1133:14)\n#16     TextTreeRenderer._debugRender (package:flutter/src/foundation/diagnostics.dart:1378:33)\n#17     TextTreeRenderer.render (package:flutter/src/foundation/diagnostics.dart:1133:14)\n#18     TextTreeRenderer._debugRender (package:flutter/src/foundation/diagnostics.dart:1378:33)\n#19     TextTreeRenderer.render (package:flutter/src/foundation/diagnostics.dart:1133:14)\n#20     TextTreeRenderer._debugRender (package:flutter/src/foundation/diagnostics.dart:1378:33)\n#21     TextTreeRenderer.render (package:flutter/src/foundation/diagnostics.dart:1133:14)\n#22     TextTreeRenderer._debugRender (package:flutter/src/foundation/diagnostics.dart:1378:33)\n#23     TextTreeRenderer.render (package:flutter/src/foundation/diagnostics.dart:1133:14)\n#24     TextTreeRenderer._debugRender (package:flutter/src/foundation/diagnostics.dart:1378:33)\n#25     TextTreeRenderer.render (package:flutter/src/foundation/diagnostics.dart:1133:14)\n#26     TextTreeRenderer._debugRender (package:flutter/src/foundation/diagnostics.dart:1399:33)\n#27     TextTreeRenderer.render (package:flutter/src/foundation/diagnostics.dart:1133:14)\n#28     TextTreeRenderer._debugRender (package:flutter/src/foundation/diagnostics.dart:1378:33)\n#29     TextTreeRenderer.render (package:flutter/src/foundation/diagnostics.dart:1133:14)\n#30     TextTreeRenderer._debugRender (package:flutter/src/foundation/diagnostics.dart:1378:33)\n#31     TextTreeRenderer.render (package:flutter/src/foundation/diagnostics.dart:1133:14)\n#32     TextTreeRenderer._debugRender (package:flutter/src/foundation/diagnostics.dart:1378:33)\n#33     TextTreeRenderer.render (package:flutter/src/foundation/diagnostics.dart:1133:14)\n#34     TextTreeRenderer._debugRender (package:flutter/src/foundation/diagnostics.dart:1378:33)\n#35     TextTreeRenderer.render (package:flutter/src/foundation/diagnostics.dart:1133:14)\n#36     TextTreeRenderer._debugRender (package:flutter/src/foundation/diagnostics.dart:1378:33)\n#37     TextTreeRenderer.render (package:flutter/src/foundation/diagnostics.dart:1133:14)\n#38     TextTreeRenderer._debugRender (package:flutter/src/foundation/diagnostics.dart:1378:33)\n#39     TextTreeRenderer.render (package:flutter/src/foundation/diagnostics.dart:1133:14)\n#40     TextTreeRenderer._debugRender (package:flutter/src/foundation/diagnostics.dart:1378:33)\n#41     TextTreeRenderer.render (package:flutter/src/foundation/diagnostics.dart:1133:14)\n#42     TextTreeRenderer._debugRender (package:flutter/src/foundation/diagnostics.dart:1399:33)\n#43     TextTreeRenderer.render (package:flutter/src/foundation/diagnostics.dart:1133:14)\n#44     TextTreeRenderer._debugRender (package:flutter/src/foundation/diagnostics.dart:1378:33)\n#45     TextTreeRenderer.render (package:flutter/src/foundation/diagnostics.dart:1133:14)\n#46     TextTreeRenderer._debugRender (package:flutter/src/foundation/diagnostics.dart:1399:33)\n#47     TextTreeRenderer.render (package:flutter/src/foundation/diagnostics.dart:1133:14)\n#48     TextTreeRenderer._debugRender (package:flutter/src/foundation/diagnostics.dart:1378:33)\n#49     TextTreeRenderer.render (package:flutter/src/foundation/diagnostics.dart:1133:14)\n#50     TextTreeRenderer._debugRender (package:flutter/src/foundation/diagnostics.dart:1378:33)\n#51     TextTreeRenderer.render (package:flutter/src/foundation/diagnostics.dart:1133:14)\n#52     TextTreeRenderer._debugRender (package:flutter/src/foundation/diagnostics.dart:1378:33)\n#53     TextTreeRenderer.render (package:flutter/src/foundation/diagnostics.dart:1133:14)\n#54     TextTreeRenderer._debugRender (package:flutter/src/foundation/diagnostics.dart:1378:33)\n#55     TextTreeRenderer.render (package:flutter/src/foundation/diagnostics.dart:1133:14)\n#56     TextTreeRenderer._debugRender (package:flutter/src/foundation/diagnostics.dart:1378:33)\n#57     TextTreeRenderer.render (package:flutter/src/foundation/diagnostics.dart:1133:14)\n#58     TextTreeRenderer._debugRender (package:flutter/src/foundation/diagnostics.dart:1378:33)\n#59     TextTreeRenderer.render (package:flutter/src/foundation/diagnostics.dart:1133:14)\n#60     TextTreeRenderer._debugRender (package:flutter/src/foundation/diagnostics.dart:1378:33)\n#61     TextTreeRenderer.render (package:flutter/src/foundation/diagnostics.dart:1133:14)\n#62     TextTreeRenderer._debugRender (package:flutter/src/foundation/diagnostics.dart:1378:33)\n#63     TextTreeRenderer.render (package:flutter/src/foundation/diagnostics.dart:1133:14)\n#64     TextTreeRenderer._debugRender (package:flutter/src/foundation/diagnostics.dart:1378:33)\n#65     TextTreeRenderer.render (package:flutter/src/foundation/diagnostics.dart:1133:14)\n#66     TextTreeRenderer._debugRender (package:flutter/src/foundation/diagnostics.dart:1378:33)\n#67     TextTreeRenderer.render (package:flutter/src/foundation/diagnostics.dart:1133:14)\n#68     TextTreeRenderer._debugRender (package:flutter/src/foundation/diagnostics.dart:1378:33)\n#69     TextTreeRenderer.render (package:flutter/src/foundation/diagnostics.dart:1133:14)\n#70     TextTreeRenderer._debugRender (package:flutter/src/foundation/diagnostics.dart:1378:33)\n#71     TextTreeRenderer.render (package:flutter/src/foundation/diagnostics.dart:1133:14)\n#72     TextTreeRenderer._debugRender (package:flutter/src/foundation/diagnostics.dart:1378:33)\n#73     TextTreeRenderer.render (package:flutter/src/foundation/diagnostics.dart:1133:14)\n#74     TextTreeRenderer._debugRender (package:flutter/src/foundation/diagnostics.dart:1378:33)\n#75     TextTreeRenderer.render (package:flutter/src/foundation/diagnostics.dart:1133:14)\n#76     TextTreeRenderer._debugRender (package:flutter/src/foundation/diagnostics.dart:1378:33)\n#77     TextTreeRenderer.render (package:flutter/src/foundation/diagnostics.dart:1133:14)\n#78     TextTreeRenderer._debugRender (package:flutter/src/foundation/diagnostics.dart:1378:33)\n#79     TextTreeRenderer.render (package:flutter/src/foundation/diagnostics.dart:1133:14)\n#80     TextTreeRenderer._debugRender (package:flutter/src/foundation/diagnostics.dart:1378:33)\n#81     TextTreeRenderer.render (package:flutter/src/foundation/diagnostics.dart:1133:14)\n#82     TextTreeRenderer._debugRender (package:flutter/src/foundation/diagnostics.dart:1378:33)\n#83     TextTreeRenderer.render (package:flutter/src/foundation/diagnostics.dart:1133:14)\n#84     TextTreeRenderer._debugRender (package:flutter/src/foundation/diagnostics.dart:1378:33)\n#85     TextTreeRenderer.render (package:flutter/src/foundation/diagnostics.dart:1133:14)\n#86     TextTreeRenderer._debugRender (package:flutter/src/foundation/diagnostics.dart:1378:33)\n#87     TextTreeRenderer.render (package:flutter/src/foundation/diagnostics.dart:1133:14)\n#88     TextTreeRenderer._debugRender (package:flutter/src/foundation/diagnostics.dart:1399:33)\n#89     TextTreeRenderer.render (package:flutter/src/foundation/diagnostics.dart:1133:14)\n#90     TextTreeRenderer._debugRender (package:flutter/src/foundation/diagnostics.dart:1378:33)\n#91     TextTreeRenderer.render (package:flutter/src/foundation/diagnostics.dart:1133:14)\n#92     TextTreeRenderer._debugRender (package:flutter/src/foundation/diagnostics.dart:1378:33)\n#93     TextTreeRenderer.render (package:flutter/src/foundation/diagnostics.dart:1133:14)\n#94     TextTreeRenderer._debugRender (package:flutter/src/foundation/diagnostics.dart:1378:33)\n#95     TextTreeRenderer.render (package:flutter/src/foundation/diagnostics.dart:1133:14)\n#96     TextTreeRenderer._debugRender (package:flutter/src/foundation/diagnostics.dart:1378:33)\n#97     TextTreeRenderer.render (package:flutter/src/foundation/diagnostics.dart:1133:14)\n#98     TextTreeRenderer._debugRender (package:flutter/src/foundation/diagnostics.dart:1378:33)\n#99     TextTreeRenderer.render (package:flutter/src/foundation/diagnostics.dart:1133:14)\n#100    TextTreeRenderer._debugRender (package:flutter/src/foundation/diagnostics.dart:1378:33)\n#101    TextTreeRenderer.render (package:flutter/src/foundation/diagnostics.dart:1133:14)\n#102    TextTreeRenderer._debugRender (package:flutter/src/foundation/diagnostics.dart:1378:33)\n#103    TextTreeRenderer.render (package:flutter/src/foundation/diagnostics.dart:1133:14)\n#104    TextTreeRenderer._debugRender (package:flutter/src/foundation/diagnostics.dart:1378:33)\n#105    TextTreeRenderer.render (package:flutter/src/foundation/diagnostics.dart:1133:14)\n#106    TextTreeRenderer._debugRender (package:flutter/src/foundation/diagnostics.dart:1378:33)\n#107    TextTreeRenderer.render (package:flutter/src/foundation/diagnostics.dart:1133:14)\n#108    DiagnosticsNode.toStringDeep.<anonymous closure> (package:flutter/src/foundation/diagnostics.dart:1798:9)\n#109    DiagnosticsNode.toStringDeep (package:flutter/src/foundation/diagnostics.dart:1805:6)\n#110    DiagnosticableTreeMixin.toStringDeep (package:flutter/src/foundation/diagnostics.dart:3499:32)\n#111    RenderObject.toStringDeep (package:flutter/src/rendering/object.dart:3263:33)\n#112    RendererBinding.initServiceExtensions.<anonymous closure> (package:flutter/src/rendering/binding.dart:160:67)\n#113    RendererBinding.initServiceExtensions.<anonymous closure> (package:flutter/src/rendering/binding.dart:159:19)\n#114    BindingBase.registerServiceExtension.<anonymous closure> (package:flutter/src/foundation/binding.dart:852:32)\n<asynchronous suspension>\n","method":"ext.flutter.debugDumpRenderTree"}

```
#0      new _OutstandingRequest (package:vm_service/src/vm_service.dart:1742:45)
#1      VmService._call (package:vm_service/src/vm_service.dart:2255:21)
#2      VmService.callServiceExtension (package:vm_service/src/vm_service.dart:2226:14)
#3      FlutterVmService._checkedCallServiceExtension (package:flutter_tools/src/vmservice.dart:797:28)
#4      FlutterVmService.invokeFlutterExtensionRpcRaw (package:flutter_tools/src/vmservice.dart:816:49)
#5      FlutterVmService.flutterDebugDumpRenderTree (package:flutter_tools/src/vmservice.dart:575:50)
#6      ResidentHandlers.debugDumpRenderTree (package:flutter_tools/src/resident_runner.dart:668:52)
<asynchronous suspension>
#7      TerminalHandler.processTerminalInput (package:flutter_tools/src/resident_runner.dart:1723:7)
<asynchronous suspension>
```

## flutter doctor

```
[✓] Flutter (Channel master, 3.1.0-0.0.pre.1001, on Microsoft Windows [Version 10.0.19042.1415], locale en-US)
    • Flutter version 3.1.0-0.0.pre.1001 at C:\src\flutter
    • Upstream repository https://github.com/flutter/flutter.git
    • Framework revision 7388e04a9b (6 days ago), 2022-05-29 09:43:06 -0400
    • Engine revision f47dfabdd4
    • Dart version 2.18.0 (build 2.18.0-151.0.dev)
    • DevTools version 2.13.1

[✓] Android toolchain - develop for Android devices (Android SDK version 32.0.0)
    • Android SDK at C:\Users\UDAH PAUL\AppData\Local\Android
    • Platform android-32, build-tools 32.0.0
    • ANDROID_HOME = C:\Users\UDAH PAUL\AppData\Local\Android
    • Java binary at: C:\Program Files\Android\Android Studio\jre\bin\java
    • Java version OpenJDK Runtime Environment (build 11.0.10+0-b96-7249189)
    • All Android licenses accepted.

[✓] Chrome - develop for the web
    • Chrome at C:\Program Files\Google\Chrome\Application\chrome.exe

[✗] Visual Studio - develop for Windows
    ✗ Visual Studio not installed; this is necessary for Windows development.
      Download at https://visualstudio.microsoft.com/downloads/.
      Please install the "Desktop development with C++" workload, including all of its default components

[✓] Android Studio (version 2020.3)
    • Android Studio at C:\Program Files\Android\Android Studio
    • Flutter plugin can be installed from:
      🔨 https://plugins.jetbrains.com/plugin/9212-flutter
    • Dart plugin can be installed from:
      🔨 https://plugins.jetbrains.com/plugin/6351-dart
    • Java version OpenJDK Runtime Environment (build 11.0.10+0-b96-7249189)

[✓] VS Code (version 1.67.2)
    • VS Code at C:\Users\UDAH PAUL\AppData\Local\Programs\Microsoft VS Code
    • Flutter extension version 3.40.0

[✓] Connected device (4 available)
    • SM G900V (mobile) • 1ab29d02 • android-arm    • Android 6.0.1 (API 23)
    • Windows (desktop) • windows  • windows-x64    • Microsoft Windows [Version 10.0.19042.1415]
    • Chrome (web)      • chrome   • web-javascript • Google Chrome 102.0.5005.62
    • Edge (web)        • edge     • web-javascript • Microsoft Edge 97.0.1072.62

[!] HTTP Host Availability
    ✗ HTTP host "https://cocoapods.org/" is not reachable. Reason: An error occurred while checking the HTTP host: Failed host lookup:
      'cocoapods.org'
    ✗ HTTP host "https://maven.google.com/" is not reachable. Reason: An error occurred while checking the HTTP host: Failed host lookup:
      'maven.google.com'
    ✗ HTTP host "https://pub.dev/" is not reachable. Reason: An error occurred while checking the HTTP host: Failed host lookup: 'pub.dev'
    ✗ HTTP host "https://cloud.google.com/" is not reachable. Reason: An error occurred while checking the HTTP host: Failed host lookup:
      'cloud.google.com'

! Doctor found issues in 2 categories.
```
