Flutter crash report.
Please report a bug at https://github.com/flutter/flutter/issues.

## command

flutter run

## exception

NoSuchMethodError: NoSuchMethodError: The getter 'assetPathsToEvict' was called on null.
Receiver: null
Tried calling: assetPathsToEvict

```
#0      Object.noSuchMethod (dart:core-patch/object_patch.dart:38:5)
#1      HotRunner._resetDirtyAssets (package:flutter_tools/src/run_hot.dart:509:20)
#2      HotRunner._restartFromSources (package:flutter_tools/src/run_hot.dart:577:5)
<asynchronous suspension>
#3      HotRunner._fullRestartHelper (package:flutter_tools/src/run_hot.dart:759:16)
<asynchronous suspension>
#4      HotRunner.restart (package:flutter_tools/src/run_hot.dart:706:38)
<asynchronous suspension>
#5      TerminalHandler._commonTerminalInputHandler (package:flutter_tools/src/resident_runner.dart:1683:40)
<asynchronous suspension>
#6      TerminalHandler.processTerminalInput (package:flutter_tools/src/resident_runner.dart:1723:7)
<asynchronous suspension>
```

## flutter doctor

```
[✓] Flutter (Channel master, 3.1.0-0.0.pre.1001, on Microsoft Windows [Version 10.0.19042.1415], locale en-US)
    • Flutter version 3.1.0-0.0.pre.1001 at C:\src\flutter
    • Upstream repository https://github.com/flutter/flutter.git
    • Framework revision 7388e04a9b (6 days ago), 2022-05-29 09:43:06 -0400
    • Engine revision f47dfabdd4
    • Dart version 2.18.0 (build 2.18.0-151.0.dev)
    • DevTools version 2.13.1

[✓] Android toolchain - develop for Android devices (Android SDK version 32.0.0)
    • Android SDK at C:\Users\UDAH PAUL\AppData\Local\Android
    • Platform android-32, build-tools 32.0.0
    • ANDROID_HOME = C:\Users\UDAH PAUL\AppData\Local\Android
    • Java binary at: C:\Program Files\Android\Android Studio\jre\bin\java
    • Java version OpenJDK Runtime Environment (build 11.0.10+0-b96-7249189)
    • All Android licenses accepted.

[✓] Chrome - develop for the web
    • Chrome at C:\Program Files\Google\Chrome\Application\chrome.exe

[✗] Visual Studio - develop for Windows
    ✗ Visual Studio not installed; this is necessary for Windows development.
      Download at https://visualstudio.microsoft.com/downloads/.
      Please install the "Desktop development with C++" workload, including all of its default components

[✓] Android Studio (version 2020.3)
    • Android Studio at C:\Program Files\Android\Android Studio
    • Flutter plugin can be installed from:
      🔨 https://plugins.jetbrains.com/plugin/9212-flutter
    • Dart plugin can be installed from:
      🔨 https://plugins.jetbrains.com/plugin/6351-dart
    • Java version OpenJDK Runtime Environment (build 11.0.10+0-b96-7249189)

[✓] VS Code (version 1.67.2)
    • VS Code at C:\Users\UDAH PAUL\AppData\Local\Programs\Microsoft VS Code
    • Flutter extension version 3.40.0

[✓] Connected device (4 available)
    • SM G900V (mobile) • 1ab29d02 • android-arm    • Android 6.0.1 (API 23)
    • Windows (desktop) • windows  • windows-x64    • Microsoft Windows [Version 10.0.19042.1415]
    • Chrome (web)      • chrome   • web-javascript • Google Chrome 102.0.5005.62
    • Edge (web)        • edge     • web-javascript • Microsoft Edge 97.0.1072.62

[!] HTTP Host Availability
    ✗ HTTP host "https://cocoapods.org/" is not reachable. Reason: An error occurred while checking the HTTP host: Failed host lookup:
      'cocoapods.org'
    ✗ HTTP host "https://maven.google.com/" is not reachable. Reason: An error occurred while checking the HTTP host: Failed host lookup:
      'maven.google.com'
    ✗ HTTP host "https://pub.dev/" is not reachable. Reason: An error occurred while checking the HTTP host: Failed host lookup: 'pub.dev'
    ✗ HTTP host "https://cloud.google.com/" is not reachable. Reason: An error occurred while checking the HTTP host: Failed host lookup:
      'cloud.google.com'

! Doctor found issues in 2 categories.
```
